<?xml version="1.0" encoding="UTF-8"?>
<testsuite xmlns:xsi="http://www.w3.org/2001/XMLSchema-instance" xsi:noNamespaceSchemaLocation="https://maven.apache.org/surefire/maven-surefire-plugin/xsd/surefire-test-report-3.0.xsd" version="3.0" name="stepsdefs.TestRunner" time="18.056" tests="4" errors="0" skipped="0" failures="0">
  <properties>
[...]
</properties>
  <testcase name="Add the product in the cart" classname="Add Items in to the cart" time="5.561">
    <system-out><![CDATA[
@Sanity
Scenario: Add the product in the cart                # src/test/java/features/AddToCart.feature:11
  Given I have launched the application from browser # stepsdefs.LoginStepDef.i_have_launched_the_application_from_browser()
  When I enter username as "standard_user"           # stepsdefs.LoginStepDef.i_enter_username_as(java.lang.String)
  And I enter password as "secret_sauce"             # stepsdefs.LoginStepDef.i_enter_password_as(java.lang.String)
  And I have click on login button                   # stepsdefs.LoginStepDef.i_have_click_on_login_button()
  Then I should land on home page                    # stepsdefs.LoginStepDef.i_should_land_on_home_page()
  When I select the product and add to cart button   # stepsdefs.AddToCartStepDef.i_select_the_product_and_add_to_cart_button()
  And I click on cart symbol                         # stepsdefs.AddToCartStepDef.i_click_on_cart_symbol()
  Then validate the product is "Sauce Labs Backpack" # stepsdefs.AddToCartStepDef.validate_the_product_is(java.lang.String)
]]></system-out>
    <system-err><![CDATA[May 21, 2023 12:36:56 PM io.cucumber.junit.Cucumber <init>
WARNING: By default Cucumber is running in --non-strict mode.
This default will change to --strict and --non-strict will be removed.
You can use --strict or @CucumberOptions(strict = true) to suppress this warning
SLF4J: Failed to load class "org.slf4j.impl.StaticLoggerBinder".
SLF4J: Defaulting to no-operation (NOP) logger implementation
SLF4J: See http://www.slf4j.org/codes.html#StaticLoggerBinder for further details.
Starting ChromeDriver 113.0.5672.63 (0e1a4471d5ae5bf128b1bd8f4d627c8cbd55f70c-refs/branch-heads/5672@{#912}) on port 9080
Only local connections are allowed.
Please see https://chromedriver.chromium.org/security-considerations for suggestions on keeping ChromeDriver safe.
ChromeDriver was started successfully.
May 21, 2023 12:36:59 PM org.openqa.selenium.remote.ProtocolHandshake createSession
INFO: Detected dialect: W3C
]]></system-err>
  </testcase>
  <testcase name="Login function using valid credentials" classname="Checking the login functionality of SwagLabs application from browser" time="3.662">
    <system-out><![CDATA[
@Sanity
Scenario: Login function using valid credentials     # src/test/java/features/LoginTest.feature:4
  Given I have launched the application from browser # stepsdefs.LoginStepDef.i_have_launched_the_application_from_browser()
  When I enter username as "standard_user"           # stepsdefs.LoginStepDef.i_enter_username_as(java.lang.String)
  And I enter password as "secret_sauce"             # stepsdefs.LoginStepDef.i_enter_password_as(java.lang.String)
  And I have click on login button                   # stepsdefs.LoginStepDef.i_have_click_on_login_button()
  Then I should land on home page                    # stepsdefs.LoginStepDef.i_should_land_on_home_page()
]]></system-out>
    <system-err><![CDATA[Starting ChromeDriver 113.0.5672.63 (0e1a4471d5ae5bf128b1bd8f4d627c8cbd55f70c-refs/branch-heads/5672@{#912}) on port 25303
Only local connections are allowed.
Please see https://chromedriver.chromium.org/security-considerations for suggestions on keeping ChromeDriver safe.
ChromeDriver was started successfully.
May 21, 2023 12:37:03 PM org.openqa.selenium.remote.ProtocolHandshake createSession
INFO: Detected dialect: W3C
]]></system-err>
  </testcase>
  <testcase name="Login function using invalid credentials" classname="Checking the login functionality of SwagLabs application from browser" time="3.622">
    <system-out><![CDATA[
@Sanity
Scenario Outline: Login function using invalid credentials                                                           # src/test/java/features/LoginTest.feature:20
  Given I have launched the application from browser                                                                 # stepsdefs.LoginStepDef.i_have_launched_the_application_from_browser()
  When I enter username as "standard_user"                                                                           # stepsdefs.LoginStepDef.i_enter_username_as(java.lang.String)
  And I enter password as "12345"                                                                                    # stepsdefs.LoginStepDef.i_enter_password_as(java.lang.String)
  And I have click on login button                                                                                   # stepsdefs.LoginStepDef.i_have_click_on_login_button()
  Then I should get the error message as "Epic sadface: Username and password do not match any user in this service" # stepsdefs.LoginStepDef.i_should_get_the_error_message_as(java.lang.String)
]]></system-out>
    <system-err><![CDATA[Starting ChromeDriver 113.0.5672.63 (0e1a4471d5ae5bf128b1bd8f4d627c8cbd55f70c-refs/branch-heads/5672@{#912}) on port 45034
Only local connections are allowed.
Please see https://chromedriver.chromium.org/security-considerations for suggestions on keeping ChromeDriver safe.
ChromeDriver was started successfully.
May 21, 2023 12:37:07 PM org.openqa.selenium.remote.ProtocolHandshake createSession
INFO: Detected dialect: W3C
]]></system-err>
  </testcase>
  <testcase name="Login function using invalid credentials" classname="Checking the login functionality of SwagLabs application from browser" time="4.622">
    <system-out><![CDATA[
@Sanity
Scenario Outline: Login function using invalid credentials                                     # src/test/java/features/LoginTest.feature:21
  Given I have launched the application from browser                                           # stepsdefs.LoginStepDef.i_have_launched_the_application_from_browser()
  When I enter username as "locked_out_user"                                                   # stepsdefs.LoginStepDef.i_enter_username_as(java.lang.String)
  And I enter password as "secret_sauce"                                                       # stepsdefs.LoginStepDef.i_enter_password_as(java.lang.String)
  And I have click on login button                                                             # stepsdefs.LoginStepDef.i_have_click_on_login_button()
  Then I should get the error message as "Epic sadface: Sorry, this user has been locked out." # stepsdefs.LoginStepDef.i_should_get_the_error_message_as(java.lang.String)
]]></system-out>
    <system-err><![CDATA[Starting ChromeDriver 113.0.5672.63 (0e1a4471d5ae5bf128b1bd8f4d627c8cbd55f70c-refs/branch-heads/5672@{#912}) on port 1686
Only local connections are allowed.
Please see https://chromedriver.chromium.org/security-considerations for suggestions on keeping ChromeDriver safe.
ChromeDriver was started successfully.
May 21, 2023 12:37:12 PM org.openqa.selenium.remote.ProtocolHandshake createSession
INFO: Detected dialect: W3C
]]></system-err>
  </testcase>
</testsuite>